{"name": "Login to OrangeHRM with valid parameters", "status": "failed", "statusDetails": {"message": "AssertionError: Test Failed\n", "trace": "  File \"D:\\Framework-behave\\venv\\Lib\\site-packages\\behave\\model.py\", line 1329, in run\n    match.run(runner.context)\n  File \"D:\\Framework-behave\\venv\\Lib\\site-packages\\behave\\matchers.py\", line 98, in run\n    self.func(context, *args, **kwargs)\n  File \"features\\steps\\login_step.py\", line 32, in step_impl\n    assert False, \"Test Failed\"\n"}, "steps": [{"name": "Given I launch to Chrome Browser", "status": "passed", "start": 1680582246680, "stop": 1680582247767}, {"name": "When I open orange HRM Homepage", "status": "passed", "start": 1680582247767, "stop": 1680582253243}, {"name": "And Enter username \"admin\" and password \"admin123\"", "status": "passed", "start": 1680582253243, "stop": 1680582253964}, {"name": "And Click in login button", "status": "passed", "start": 1680582253964, "stop": 1680582255607}, {"name": "Then User must successfully login to the Dashboard page", "status": "failed", "statusDetails": {"message": "AssertionError: Test Failed\n", "trace": "  File \"D:\\Framework-behave\\venv\\Lib\\site-packages\\behave\\model.py\", line 1329, in run\n    match.run(runner.context)\n  File \"D:\\Framework-behave\\venv\\Lib\\site-packages\\behave\\matchers.py\", line 98, in run\n    self.func(context, *args, **kwargs)\n  File \"features\\steps\\login_step.py\", line 32, in step_impl\n    assert False, \"Test Failed\"\n"}, "start": 1680582255607, "stop": 1680582275738}], "start": 1680582246680, "stop": 1680582275739, "uuid": "4ecf2cc1-e086-4793-b3b7-a5648a3f0b91", "historyId": "b684803586b74d84482081935662a1ab", "fullName": "OrangeHRM Login: Login to OrangeHRM with valid parameters", "labels": [{"name": "severity", "value": "normal"}, {"name": "feature", "value": "OrangeHRM Login"}, {"name": "framework", "value": "behave"}, {"name": "language", "value": "cpython3"}]}